<?xml version="1.0" encoding="UTF-8"?>
<!-- Generated by org.testng.reporters.JUnitXMLReporter -->
<testsuite ignored="0" hostname="prathmesh" failures="0" tests="3" name="Default test" time="91.448" errors="0" timestamp="2026-09-07T11:03:20 IST">
  <testcase classname="TestCases.AddCustomerTest" name="verifyAddCustomer" time="8.846"/>
  <testcase classname="TestCases.AddCustomerTest" name="verifyAddCustomer" time="8.288"/>
  <testcase classname="TestCases.AddCustomerTest" name="verifyAddCustomer" time="7.557"/>
</testsuite> <!-- Default test -->
