<?xml version="1.0" encoding="UTF-8"?>
<testng-results ignored="0" total="3" passed="3" failed="0" skipped="0">
  <reporter-output>
  </reporter-output>
  <suite started-at="2026-09-07T11:01:48 IST" name="Default suite" finished-at="2026-09-07T11:03:20 IST" duration-ms="91448">
    <groups>
    </groups>
    <test started-at="2026-09-07T11:01:48 IST" name="Default test" finished-at="2026-09-07T11:03:20 IST" duration-ms="91448">
      <class name="TestCases.AddCustomerTest">
        <test-method is-config="true" signature="setup()[pri:0, instance:TestCases.AddCustomerTest@dd05255]" started-at="2026-09-07T11:01:51 IST" name="setup" finished-at="2026-09-07T11:02:26 IST" duration-ms="34935" status="PASS">
          <reporter-output>
          </reporter-output>
        </test-method> <!-- setup -->
        <test-method signature="verifyAddCustomer(java.lang.String,java.lang.String,java.lang.String,java.lang.String)[pri:1, instance:TestCases.AddCustomerTest@dd05255]" started-at="2026-09-07T11:02:26 IST" name="verifyAddCustomer" data-provider="CustomerData" finished-at="2026-09-07T11:02:35 IST" duration-ms="8846" status="PASS">
          <params>
            <param index="0">
              <value>
                <![CDATA[Mrunal Bhosale]]>
              </value>
            </param>
            <param index="1">
              <value>
                <![CDATA[mrunal345@gmail.com]]>
              </value>
            </param>
            <param index="2">
              <value>
                <![CDATA[7034567321]]>
              </value>
            </param>
            <param index="3">
              <value>
                <![CDATA[Thane]]>
              </value>
            </param>
          </params>
          <reporter-output>
          </reporter-output>
        </test-method> <!-- verifyAddCustomer -->
        <test-method is-config="true" signature="teardown()[pri:0, instance:TestCases.AddCustomerTest@dd05255]" started-at="2026-09-07T11:02:35 IST" name="teardown" finished-at="2026-09-07T11:02:35 IST" duration-ms="362" status="PASS">
          <reporter-output>
          </reporter-output>
        </test-method> <!-- teardown -->
        <test-method is-config="true" signature="setup()[pri:0, instance:TestCases.AddCustomerTest@dd05255]" started-at="2026-09-07T11:02:35 IST" name="setup" finished-at="2026-09-07T11:02:55 IST" duration-ms="19708" status="PASS">
          <reporter-output>
          </reporter-output>
        </test-method> <!-- setup -->
        <test-method signature="verifyAddCustomer(java.lang.String,java.lang.String,java.lang.String,java.lang.String)[pri:1, instance:TestCases.AddCustomerTest@dd05255]" started-at="2026-09-07T11:02:55 IST" name="verifyAddCustomer" data-provider="CustomerData" finished-at="2026-09-07T11:03:03 IST" duration-ms="8288" status="PASS">
          <params>
            <param index="0">
              <value>
                <![CDATA[Rahul Sharma ]]>
              </value>
            </param>
            <param index="1">
              <value>
                <![CDATA[Rahulsharma@gmail.com]]>
              </value>
            </param>
            <param index="2">
              <value>
                <![CDATA[6785903452]]>
              </value>
            </param>
            <param index="3">
              <value>
                <![CDATA[mumbai]]>
              </value>
            </param>
          </params>
          <reporter-output>
          </reporter-output>
        </test-method> <!-- verifyAddCustomer -->
        <test-method is-config="true" signature="teardown()[pri:0, instance:TestCases.AddCustomerTest@dd05255]" started-at="2026-09-07T11:03:03 IST" name="teardown" finished-at="2026-09-07T11:03:03 IST" duration-ms="421" status="PASS">
          <reporter-output>
          </reporter-output>
        </test-method> <!-- teardown -->
        <test-method is-config="true" signature="setup()[pri:0, instance:TestCases.AddCustomerTest@dd05255]" started-at="2026-09-07T11:03:03 IST" name="setup" finished-at="2026-09-07T11:03:12 IST" duration-ms="8591" status="PASS">
          <reporter-output>
          </reporter-output>
        </test-method> <!-- setup -->
        <test-method signature="verifyAddCustomer(java.lang.String,java.lang.String,java.lang.String,java.lang.String)[pri:1, instance:TestCases.AddCustomerTest@dd05255]" started-at="2026-09-07T11:03:12 IST" name="verifyAddCustomer" data-provider="CustomerData" finished-at="2026-09-07T11:03:19 IST" duration-ms="7557" status="PASS">
          <params>
            <param index="0">
              <value>
                <![CDATA[Priya patel]]>
              </value>
            </param>
            <param index="1">
              <value>
                <![CDATA[priyapatel@gmail.com]]>
              </value>
            </param>
            <param index="2">
              <value>
                <![CDATA[5678234607]]>
              </value>
            </param>
            <param index="3">
              <value>
                <![CDATA[pune]]>
              </value>
            </param>
          </params>
          <reporter-output>
          </reporter-output>
        </test-method> <!-- verifyAddCustomer -->
        <test-method is-config="true" signature="teardown()[pri:0, instance:TestCases.AddCustomerTest@dd05255]" started-at="2026-09-07T11:03:20 IST" name="teardown" finished-at="2026-09-07T11:03:20 IST" duration-ms="291" status="PASS">
          <reporter-output>
          </reporter-output>
        </test-method> <!-- teardown -->
      </class> <!-- TestCases.AddCustomerTest -->
    </test> <!-- Default test -->
  </suite> <!-- Default suite -->
</testng-results>
