<?xml version="1.0" encoding="UTF-8"?>
<!-- Generated by org.testng.reporters.JUnitReportReporter -->
<testsuite hostname="prathmesh" failures="0" tests="3" name="TestCases.AddCustomerTest" time="88.999" errors="0" timestamp="2026-09-07T11:03:20 IST" skipped="0">
  <testcase classname="TestCases.AddCustomerTest" name="verifyAddCustomer" time="42.913"/>
  <testcase classname="TestCases.AddCustomerTest" name="verifyAddCustomer" time="17.170"/>
  <testcase classname="TestCases.AddCustomerTest" name="verifyAddCustomer" time="28.916"/>
</testsuite> <!-- TestCases.AddCustomerTest -->
